{"date":"Fri May 23 2025 00:00:05 GMT+0600 (Bangladesh Standard Time)","error":{},"exception":true,"level":"error","message":"uncaughtException: ⨯ Unable to compile TypeScript:\nsrc/app/modules/auth/auth.service.ts(18,1): error TS1109: Expression expected.\r\n\nError: ⨯ Unable to compile TypeScript:\nsrc/app/modules/auth/auth.service.ts(18,1): error TS1109: Expression expected.\r\n\n    at Object.<anonymous> (F:\\postgress typeorm\\basic-postgresql-nodejs-setup\\src\\app\\modules\\auth\\auth.service.ts:1:7)\n    at Module.<anonymous> (node:internal/modules/cjs/loader:1562:14)\n    at Module._compile (F:\\postgress typeorm\\basic-postgresql-nodejs-setup\\node_modules\\source-map-support\\source-map-support.js:568:25)\n    at Module.m._compile (C:\\Users\\mdtaz\\AppData\\Local\\Temp\\ts-node-dev-hook-5096171177407529.js:69:33)\n    at node:internal/modules/cjs/loader:1699:10\n    at require.extensions..jsx.require.extensions..js (C:\\Users\\mdtaz\\AppData\\Local\\Temp\\ts-node-dev-hook-5096171177407529.js:114:20)\n    at require.extensions.<computed> (C:\\Users\\mdtaz\\AppData\\Local\\Temp\\ts-node-dev-hook-5096171177407529.js:71:20)\n    at Object.nodeDevHook [as .ts] (F:\\postgress typeorm\\basic-postgresql-nodejs-setup\\node_modules\\ts-node-dev\\lib\\hook.js:63:13)\n    at Module.load (node:internal/modules/cjs/loader:1313:32)\n    at Function._load (node:internal/modules/cjs/loader:1123:12)","os":{"loadavg":[0,0,0],"uptime":48883.015},"process":{"argv":["C:\\Program Files\\nodejs\\node.exe","./src/server.ts"],"cwd":"F:\\postgress typeorm\\basic-postgresql-nodejs-setup","execPath":"C:\\Program Files\\nodejs\\node.exe","gid":null,"memoryUsage":{"arrayBuffers":139637,"external":2336178,"heapTotal":54116352,"heapUsed":20870768,"rss":78368768},"pid":33676,"uid":null,"version":"v22.13.1"},"service":"your-service-name","stack":"Error: ⨯ Unable to compile TypeScript:\nsrc/app/modules/auth/auth.service.ts(18,1): error TS1109: Expression expected.\r\n\n    at Object.<anonymous> (F:\\postgress typeorm\\basic-postgresql-nodejs-setup\\src\\app\\modules\\auth\\auth.service.ts:1:7)\n    at Module.<anonymous> (node:internal/modules/cjs/loader:1562:14)\n    at Module._compile (F:\\postgress typeorm\\basic-postgresql-nodejs-setup\\node_modules\\source-map-support\\source-map-support.js:568:25)\n    at Module.m._compile (C:\\Users\\mdtaz\\AppData\\Local\\Temp\\ts-node-dev-hook-5096171177407529.js:69:33)\n    at node:internal/modules/cjs/loader:1699:10\n    at require.extensions..jsx.require.extensions..js (C:\\Users\\mdtaz\\AppData\\Local\\Temp\\ts-node-dev-hook-5096171177407529.js:114:20)\n    at require.extensions.<computed> (C:\\Users\\mdtaz\\AppData\\Local\\Temp\\ts-node-dev-hook-5096171177407529.js:71:20)\n    at Object.nodeDevHook [as .ts] (F:\\postgress typeorm\\basic-postgresql-nodejs-setup\\node_modules\\ts-node-dev\\lib\\hook.js:63:13)\n    at Module.load (node:internal/modules/cjs/loader:1313:32)\n    at Function._load (node:internal/modules/cjs/loader:1123:12)","timestamp":"2025-05-23 00:00:05","trace":[{"column":7,"file":"F:\\postgress typeorm\\basic-postgresql-nodejs-setup\\src\\app\\modules\\auth\\auth.service.ts","function":null,"line":1,"method":null,"native":false},{"column":14,"file":"node:internal/modules/cjs/loader","function":null,"line":1562,"method":null,"native":false},{"column":25,"file":"F:\\postgress typeorm\\basic-postgresql-nodejs-setup\\node_modules\\source-map-support\\source-map-support.js","function":"Module._compile","line":568,"method":"_compile","native":false},{"column":33,"file":"C:\\Users\\mdtaz\\AppData\\Local\\Temp\\ts-node-dev-hook-5096171177407529.js","function":"Module.m._compile","line":69,"method":"_compile","native":false},{"column":10,"file":"node:internal/modules/cjs/loader","function":null,"line":1699,"method":null,"native":false},{"column":20,"file":"C:\\Users\\mdtaz\\AppData\\Local\\Temp\\ts-node-dev-hook-5096171177407529.js","function":"require.extensions..jsx.require.extensions..js","line":114,"method":".js","native":false},{"column":20,"file":"C:\\Users\\mdtaz\\AppData\\Local\\Temp\\ts-node-dev-hook-5096171177407529.js","function":"require.extensions.<computed>","line":71,"method":"<computed>","native":false},{"column":13,"file":"F:\\postgress typeorm\\basic-postgresql-nodejs-setup\\node_modules\\ts-node-dev\\lib\\hook.js","function":"Object.nodeDevHook [as .ts]","line":63,"method":"ts]","native":false},{"column":32,"file":"node:internal/modules/cjs/loader","function":"Module.load","line":1313,"method":"load","native":false},{"column":12,"file":"node:internal/modules/cjs/loader","function":"Function._load","line":1123,"method":"_load","native":false}]}
{"date":"Fri May 23 2025 20:35:49 GMT+0600 (Bangladesh Standard Time)","error":{},"exception":true,"level":"error","message":"uncaughtException: ⨯ Unable to compile TypeScript:\nsrc/app/modules/auth/auth.service.ts(42,1): error TS1109: Expression expected.\r\n\nError: ⨯ Unable to compile TypeScript:\nsrc/app/modules/auth/auth.service.ts(42,1): error TS1109: Expression expected.\r\n\n    at Object.<anonymous> (F:\\postgress typeorm\\basic-postgresql-nodejs-setup\\src\\app\\modules\\auth\\auth.service.ts:1:7)\n    at Module.<anonymous> (node:internal/modules/cjs/loader:1562:14)\n    at Module._compile (F:\\postgress typeorm\\basic-postgresql-nodejs-setup\\node_modules\\source-map-support\\source-map-support.js:568:25)\n    at Module.m._compile (C:\\Users\\mdtaz\\AppData\\Local\\Temp\\ts-node-dev-hook-22280574166931433.js:69:33)\n    at node:internal/modules/cjs/loader:1699:10\n    at require.extensions..jsx.require.extensions..js (C:\\Users\\mdtaz\\AppData\\Local\\Temp\\ts-node-dev-hook-22280574166931433.js:114:20)\n    at require.extensions.<computed> (C:\\Users\\mdtaz\\AppData\\Local\\Temp\\ts-node-dev-hook-22280574166931433.js:71:20)\n    at Object.nodeDevHook [as .ts] (F:\\postgress typeorm\\basic-postgresql-nodejs-setup\\node_modules\\ts-node-dev\\lib\\hook.js:63:13)\n    at Module.load (node:internal/modules/cjs/loader:1313:32)\n    at Function._load (node:internal/modules/cjs/loader:1123:12)","os":{"loadavg":[0,0,0],"uptime":1515.296},"process":{"argv":["C:\\Program Files\\nodejs\\node.exe","./src/server.ts"],"cwd":"F:\\postgress typeorm\\basic-postgresql-nodejs-setup","execPath":"C:\\Program Files\\nodejs\\node.exe","gid":null,"memoryUsage":{"arrayBuffers":139637,"external":2336178,"heapTotal":54116352,"heapUsed":20970920,"rss":75915264},"pid":14620,"uid":null,"version":"v22.13.1"},"service":"your-service-name","stack":"Error: ⨯ Unable to compile TypeScript:\nsrc/app/modules/auth/auth.service.ts(42,1): error TS1109: Expression expected.\r\n\n    at Object.<anonymous> (F:\\postgress typeorm\\basic-postgresql-nodejs-setup\\src\\app\\modules\\auth\\auth.service.ts:1:7)\n    at Module.<anonymous> (node:internal/modules/cjs/loader:1562:14)\n    at Module._compile (F:\\postgress typeorm\\basic-postgresql-nodejs-setup\\node_modules\\source-map-support\\source-map-support.js:568:25)\n    at Module.m._compile (C:\\Users\\mdtaz\\AppData\\Local\\Temp\\ts-node-dev-hook-22280574166931433.js:69:33)\n    at node:internal/modules/cjs/loader:1699:10\n    at require.extensions..jsx.require.extensions..js (C:\\Users\\mdtaz\\AppData\\Local\\Temp\\ts-node-dev-hook-22280574166931433.js:114:20)\n    at require.extensions.<computed> (C:\\Users\\mdtaz\\AppData\\Local\\Temp\\ts-node-dev-hook-22280574166931433.js:71:20)\n    at Object.nodeDevHook [as .ts] (F:\\postgress typeorm\\basic-postgresql-nodejs-setup\\node_modules\\ts-node-dev\\lib\\hook.js:63:13)\n    at Module.load (node:internal/modules/cjs/loader:1313:32)\n    at Function._load (node:internal/modules/cjs/loader:1123:12)","timestamp":"2025-05-23 20:35:49","trace":[{"column":7,"file":"F:\\postgress typeorm\\basic-postgresql-nodejs-setup\\src\\app\\modules\\auth\\auth.service.ts","function":null,"line":1,"method":null,"native":false},{"column":14,"file":"node:internal/modules/cjs/loader","function":null,"line":1562,"method":null,"native":false},{"column":25,"file":"F:\\postgress typeorm\\basic-postgresql-nodejs-setup\\node_modules\\source-map-support\\source-map-support.js","function":"Module._compile","line":568,"method":"_compile","native":false},{"column":33,"file":"C:\\Users\\mdtaz\\AppData\\Local\\Temp\\ts-node-dev-hook-22280574166931433.js","function":"Module.m._compile","line":69,"method":"_compile","native":false},{"column":10,"file":"node:internal/modules/cjs/loader","function":null,"line":1699,"method":null,"native":false},{"column":20,"file":"C:\\Users\\mdtaz\\AppData\\Local\\Temp\\ts-node-dev-hook-22280574166931433.js","function":"require.extensions..jsx.require.extensions..js","line":114,"method":".js","native":false},{"column":20,"file":"C:\\Users\\mdtaz\\AppData\\Local\\Temp\\ts-node-dev-hook-22280574166931433.js","function":"require.extensions.<computed>","line":71,"method":"<computed>","native":false},{"column":13,"file":"F:\\postgress typeorm\\basic-postgresql-nodejs-setup\\node_modules\\ts-node-dev\\lib\\hook.js","function":"Object.nodeDevHook [as .ts]","line":63,"method":"ts]","native":false},{"column":32,"file":"node:internal/modules/cjs/loader","function":"Module.load","line":1313,"method":"load","native":false},{"column":12,"file":"node:internal/modules/cjs/loader","function":"Function._load","line":1123,"method":"_load","native":false}]}
{"date":"Fri May 23 2025 20:35:57 GMT+0600 (Bangladesh Standard Time)","error":{},"exception":true,"level":"error","message":"uncaughtException: ⨯ Unable to compile TypeScript:\nsrc/app/modules/auth/auth.service.ts(42,1): error TS1109: Expression expected.\r\n\nError: ⨯ Unable to compile TypeScript:\nsrc/app/modules/auth/auth.service.ts(42,1): error TS1109: Expression expected.\r\n\n    at Object.<anonymous> (F:\\postgress typeorm\\basic-postgresql-nodejs-setup\\src\\app\\modules\\auth\\auth.service.ts:1:7)\n    at Module.<anonymous> (node:internal/modules/cjs/loader:1562:14)\n    at Module._compile (F:\\postgress typeorm\\basic-postgresql-nodejs-setup\\node_modules\\source-map-support\\source-map-support.js:568:25)\n    at Module.m._compile (C:\\Users\\mdtaz\\AppData\\Local\\Temp\\ts-node-dev-hook-22280574166931433.js:69:33)\n    at node:internal/modules/cjs/loader:1699:10\n    at require.extensions..jsx.require.extensions..js (C:\\Users\\mdtaz\\AppData\\Local\\Temp\\ts-node-dev-hook-22280574166931433.js:114:20)\n    at require.extensions.<computed> (C:\\Users\\mdtaz\\AppData\\Local\\Temp\\ts-node-dev-hook-22280574166931433.js:71:20)\n    at Object.nodeDevHook [as .ts] (F:\\postgress typeorm\\basic-postgresql-nodejs-setup\\node_modules\\ts-node-dev\\lib\\hook.js:63:13)\n    at Module.load (node:internal/modules/cjs/loader:1313:32)\n    at Function._load (node:internal/modules/cjs/loader:1123:12)","os":{"loadavg":[0,0,0],"uptime":1523.25},"process":{"argv":["C:\\Program Files\\nodejs\\node.exe","./src/server.ts"],"cwd":"F:\\postgress typeorm\\basic-postgresql-nodejs-setup","execPath":"C:\\Program Files\\nodejs\\node.exe","gid":null,"memoryUsage":{"arrayBuffers":139637,"external":2336178,"heapTotal":54116352,"heapUsed":20874304,"rss":75538432},"pid":9984,"uid":null,"version":"v22.13.1"},"service":"your-service-name","stack":"Error: ⨯ Unable to compile TypeScript:\nsrc/app/modules/auth/auth.service.ts(42,1): error TS1109: Expression expected.\r\n\n    at Object.<anonymous> (F:\\postgress typeorm\\basic-postgresql-nodejs-setup\\src\\app\\modules\\auth\\auth.service.ts:1:7)\n    at Module.<anonymous> (node:internal/modules/cjs/loader:1562:14)\n    at Module._compile (F:\\postgress typeorm\\basic-postgresql-nodejs-setup\\node_modules\\source-map-support\\source-map-support.js:568:25)\n    at Module.m._compile (C:\\Users\\mdtaz\\AppData\\Local\\Temp\\ts-node-dev-hook-22280574166931433.js:69:33)\n    at node:internal/modules/cjs/loader:1699:10\n    at require.extensions..jsx.require.extensions..js (C:\\Users\\mdtaz\\AppData\\Local\\Temp\\ts-node-dev-hook-22280574166931433.js:114:20)\n    at require.extensions.<computed> (C:\\Users\\mdtaz\\AppData\\Local\\Temp\\ts-node-dev-hook-22280574166931433.js:71:20)\n    at Object.nodeDevHook [as .ts] (F:\\postgress typeorm\\basic-postgresql-nodejs-setup\\node_modules\\ts-node-dev\\lib\\hook.js:63:13)\n    at Module.load (node:internal/modules/cjs/loader:1313:32)\n    at Function._load (node:internal/modules/cjs/loader:1123:12)","timestamp":"2025-05-23 20:35:57","trace":[{"column":7,"file":"F:\\postgress typeorm\\basic-postgresql-nodejs-setup\\src\\app\\modules\\auth\\auth.service.ts","function":null,"line":1,"method":null,"native":false},{"column":14,"file":"node:internal/modules/cjs/loader","function":null,"line":1562,"method":null,"native":false},{"column":25,"file":"F:\\postgress typeorm\\basic-postgresql-nodejs-setup\\node_modules\\source-map-support\\source-map-support.js","function":"Module._compile","line":568,"method":"_compile","native":false},{"column":33,"file":"C:\\Users\\mdtaz\\AppData\\Local\\Temp\\ts-node-dev-hook-22280574166931433.js","function":"Module.m._compile","line":69,"method":"_compile","native":false},{"column":10,"file":"node:internal/modules/cjs/loader","function":null,"line":1699,"method":null,"native":false},{"column":20,"file":"C:\\Users\\mdtaz\\AppData\\Local\\Temp\\ts-node-dev-hook-22280574166931433.js","function":"require.extensions..jsx.require.extensions..js","line":114,"method":".js","native":false},{"column":20,"file":"C:\\Users\\mdtaz\\AppData\\Local\\Temp\\ts-node-dev-hook-22280574166931433.js","function":"require.extensions.<computed>","line":71,"method":"<computed>","native":false},{"column":13,"file":"F:\\postgress typeorm\\basic-postgresql-nodejs-setup\\node_modules\\ts-node-dev\\lib\\hook.js","function":"Object.nodeDevHook [as .ts]","line":63,"method":"ts]","native":false},{"column":32,"file":"node:internal/modules/cjs/loader","function":"Module.load","line":1313,"method":"load","native":false},{"column":12,"file":"node:internal/modules/cjs/loader","function":"Function._load","line":1123,"method":"_load","native":false}]}
{"date":"Fri May 23 2025 22:23:55 GMT+0600 (Bangladesh Standard Time)","error":{},"exception":true,"level":"error","message":"uncaughtException: ⨯ Unable to compile TypeScript:\nsrc/app/modules/auth/auth.service.ts(87,1): error TS1109: Expression expected.\r\n\nError: ⨯ Unable to compile TypeScript:\nsrc/app/modules/auth/auth.service.ts(87,1): error TS1109: Expression expected.\r\n\n    at Object.<anonymous> (F:\\postgress typeorm\\basic-postgresql-nodejs-setup\\src\\app\\modules\\auth\\auth.service.ts:1:7)\n    at Module.<anonymous> (node:internal/modules/cjs/loader:1562:14)\n    at Module._compile (F:\\postgress typeorm\\basic-postgresql-nodejs-setup\\node_modules\\source-map-support\\source-map-support.js:568:25)\n    at Module.m._compile (C:\\Users\\mdtaz\\AppData\\Local\\Temp\\ts-node-dev-hook-22280574166931433.js:69:33)\n    at node:internal/modules/cjs/loader:1699:10\n    at require.extensions..jsx.require.extensions..js (C:\\Users\\mdtaz\\AppData\\Local\\Temp\\ts-node-dev-hook-22280574166931433.js:114:20)\n    at require.extensions.<computed> (C:\\Users\\mdtaz\\AppData\\Local\\Temp\\ts-node-dev-hook-22280574166931433.js:71:20)\n    at Object.nodeDevHook [as .ts] (F:\\postgress typeorm\\basic-postgresql-nodejs-setup\\node_modules\\ts-node-dev\\lib\\hook.js:63:13)\n    at Module.load (node:internal/modules/cjs/loader:1313:32)\n    at Function._load (node:internal/modules/cjs/loader:1123:12)","os":{"loadavg":[0,0,0],"uptime":8001.625},"process":{"argv":["C:\\Program Files\\nodejs\\node.exe","./src/server.ts"],"cwd":"F:\\postgress typeorm\\basic-postgresql-nodejs-setup","execPath":"C:\\Program Files\\nodejs\\node.exe","gid":null,"memoryUsage":{"arrayBuffers":139637,"external":2336178,"heapTotal":54116352,"heapUsed":20912696,"rss":82595840},"pid":27324,"uid":null,"version":"v22.13.1"},"service":"your-service-name","stack":"Error: ⨯ Unable to compile TypeScript:\nsrc/app/modules/auth/auth.service.ts(87,1): error TS1109: Expression expected.\r\n\n    at Object.<anonymous> (F:\\postgress typeorm\\basic-postgresql-nodejs-setup\\src\\app\\modules\\auth\\auth.service.ts:1:7)\n    at Module.<anonymous> (node:internal/modules/cjs/loader:1562:14)\n    at Module._compile (F:\\postgress typeorm\\basic-postgresql-nodejs-setup\\node_modules\\source-map-support\\source-map-support.js:568:25)\n    at Module.m._compile (C:\\Users\\mdtaz\\AppData\\Local\\Temp\\ts-node-dev-hook-22280574166931433.js:69:33)\n    at node:internal/modules/cjs/loader:1699:10\n    at require.extensions..jsx.require.extensions..js (C:\\Users\\mdtaz\\AppData\\Local\\Temp\\ts-node-dev-hook-22280574166931433.js:114:20)\n    at require.extensions.<computed> (C:\\Users\\mdtaz\\AppData\\Local\\Temp\\ts-node-dev-hook-22280574166931433.js:71:20)\n    at Object.nodeDevHook [as .ts] (F:\\postgress typeorm\\basic-postgresql-nodejs-setup\\node_modules\\ts-node-dev\\lib\\hook.js:63:13)\n    at Module.load (node:internal/modules/cjs/loader:1313:32)\n    at Function._load (node:internal/modules/cjs/loader:1123:12)","timestamp":"2025-05-23 22:23:55","trace":[{"column":7,"file":"F:\\postgress typeorm\\basic-postgresql-nodejs-setup\\src\\app\\modules\\auth\\auth.service.ts","function":null,"line":1,"method":null,"native":false},{"column":14,"file":"node:internal/modules/cjs/loader","function":null,"line":1562,"method":null,"native":false},{"column":25,"file":"F:\\postgress typeorm\\basic-postgresql-nodejs-setup\\node_modules\\source-map-support\\source-map-support.js","function":"Module._compile","line":568,"method":"_compile","native":false},{"column":33,"file":"C:\\Users\\mdtaz\\AppData\\Local\\Temp\\ts-node-dev-hook-22280574166931433.js","function":"Module.m._compile","line":69,"method":"_compile","native":false},{"column":10,"file":"node:internal/modules/cjs/loader","function":null,"line":1699,"method":null,"native":false},{"column":20,"file":"C:\\Users\\mdtaz\\AppData\\Local\\Temp\\ts-node-dev-hook-22280574166931433.js","function":"require.extensions..jsx.require.extensions..js","line":114,"method":".js","native":false},{"column":20,"file":"C:\\Users\\mdtaz\\AppData\\Local\\Temp\\ts-node-dev-hook-22280574166931433.js","function":"require.extensions.<computed>","line":71,"method":"<computed>","native":false},{"column":13,"file":"F:\\postgress typeorm\\basic-postgresql-nodejs-setup\\node_modules\\ts-node-dev\\lib\\hook.js","function":"Object.nodeDevHook [as .ts]","line":63,"method":"ts]","native":false},{"column":32,"file":"node:internal/modules/cjs/loader","function":"Module.load","line":1313,"method":"load","native":false},{"column":12,"file":"node:internal/modules/cjs/loader","function":"Function._load","line":1123,"method":"_load","native":false}]}
{"date":"Fri May 23 2025 22:54:35 GMT+0600 (Bangladesh Standard Time)","error":{},"exception":true,"level":"error","message":"uncaughtException: ⨯ Unable to compile TypeScript:\nsrc/app/modules/auth/auth.service.ts(52,17): error TS1003: Identifier expected.\r\n\nError: ⨯ Unable to compile TypeScript:\nsrc/app/modules/auth/auth.service.ts(52,17): error TS1003: Identifier expected.\r\n\n    at Object.<anonymous> (F:\\postgress typeorm\\basic-postgresql-nodejs-setup\\src\\app\\modules\\auth\\auth.service.ts:1:7)\n    at Module.<anonymous> (node:internal/modules/cjs/loader:1562:14)\n    at Module._compile (F:\\postgress typeorm\\basic-postgresql-nodejs-setup\\node_modules\\source-map-support\\source-map-support.js:568:25)\n    at Module.m._compile (C:\\Users\\mdtaz\\AppData\\Local\\Temp\\ts-node-dev-hook-22280574166931433.js:69:33)\n    at node:internal/modules/cjs/loader:1699:10\n    at require.extensions..jsx.require.extensions..js (C:\\Users\\mdtaz\\AppData\\Local\\Temp\\ts-node-dev-hook-22280574166931433.js:114:20)\n    at require.extensions.<computed> (C:\\Users\\mdtaz\\AppData\\Local\\Temp\\ts-node-dev-hook-22280574166931433.js:71:20)\n    at Object.nodeDevHook [as .ts] (F:\\postgress typeorm\\basic-postgresql-nodejs-setup\\node_modules\\ts-node-dev\\lib\\hook.js:63:13)\n    at Module.load (node:internal/modules/cjs/loader:1313:32)\n    at Function._load (node:internal/modules/cjs/loader:1123:12)","os":{"loadavg":[0,0,0],"uptime":9841.406},"process":{"argv":["C:\\Program Files\\nodejs\\node.exe","./src/server.ts"],"cwd":"F:\\postgress typeorm\\basic-postgresql-nodejs-setup","execPath":"C:\\Program Files\\nodejs\\node.exe","gid":null,"memoryUsage":{"arrayBuffers":139638,"external":2336178,"heapTotal":53854208,"heapUsed":20771840,"rss":83054592},"pid":25952,"uid":null,"version":"v22.13.1"},"service":"your-service-name","stack":"Error: ⨯ Unable to compile TypeScript:\nsrc/app/modules/auth/auth.service.ts(52,17): error TS1003: Identifier expected.\r\n\n    at Object.<anonymous> (F:\\postgress typeorm\\basic-postgresql-nodejs-setup\\src\\app\\modules\\auth\\auth.service.ts:1:7)\n    at Module.<anonymous> (node:internal/modules/cjs/loader:1562:14)\n    at Module._compile (F:\\postgress typeorm\\basic-postgresql-nodejs-setup\\node_modules\\source-map-support\\source-map-support.js:568:25)\n    at Module.m._compile (C:\\Users\\mdtaz\\AppData\\Local\\Temp\\ts-node-dev-hook-22280574166931433.js:69:33)\n    at node:internal/modules/cjs/loader:1699:10\n    at require.extensions..jsx.require.extensions..js (C:\\Users\\mdtaz\\AppData\\Local\\Temp\\ts-node-dev-hook-22280574166931433.js:114:20)\n    at require.extensions.<computed> (C:\\Users\\mdtaz\\AppData\\Local\\Temp\\ts-node-dev-hook-22280574166931433.js:71:20)\n    at Object.nodeDevHook [as .ts] (F:\\postgress typeorm\\basic-postgresql-nodejs-setup\\node_modules\\ts-node-dev\\lib\\hook.js:63:13)\n    at Module.load (node:internal/modules/cjs/loader:1313:32)\n    at Function._load (node:internal/modules/cjs/loader:1123:12)","timestamp":"2025-05-23 22:54:35","trace":[{"column":7,"file":"F:\\postgress typeorm\\basic-postgresql-nodejs-setup\\src\\app\\modules\\auth\\auth.service.ts","function":null,"line":1,"method":null,"native":false},{"column":14,"file":"node:internal/modules/cjs/loader","function":null,"line":1562,"method":null,"native":false},{"column":25,"file":"F:\\postgress typeorm\\basic-postgresql-nodejs-setup\\node_modules\\source-map-support\\source-map-support.js","function":"Module._compile","line":568,"method":"_compile","native":false},{"column":33,"file":"C:\\Users\\mdtaz\\AppData\\Local\\Temp\\ts-node-dev-hook-22280574166931433.js","function":"Module.m._compile","line":69,"method":"_compile","native":false},{"column":10,"file":"node:internal/modules/cjs/loader","function":null,"line":1699,"method":null,"native":false},{"column":20,"file":"C:\\Users\\mdtaz\\AppData\\Local\\Temp\\ts-node-dev-hook-22280574166931433.js","function":"require.extensions..jsx.require.extensions..js","line":114,"method":".js","native":false},{"column":20,"file":"C:\\Users\\mdtaz\\AppData\\Local\\Temp\\ts-node-dev-hook-22280574166931433.js","function":"require.extensions.<computed>","line":71,"method":"<computed>","native":false},{"column":13,"file":"F:\\postgress typeorm\\basic-postgresql-nodejs-setup\\node_modules\\ts-node-dev\\lib\\hook.js","function":"Object.nodeDevHook [as .ts]","line":63,"method":"ts]","native":false},{"column":32,"file":"node:internal/modules/cjs/loader","function":"Module.load","line":1313,"method":"load","native":false},{"column":12,"file":"node:internal/modules/cjs/loader","function":"Function._load","line":1123,"method":"_load","native":false}]}
