{"date":"Mon May 26 2025 20:19:09 GMT+0600 (Bangladesh Standard Time)","error":{},"exception":true,"level":"error","message":"uncaughtException: ⨯ Unable to compile TypeScript:\nsrc/app/modules/users/userProfile/userProfile.service.ts(20,1): error TS1109: Expression expected.\r\n\nError: ⨯ Unable to compile TypeScript:\nsrc/app/modules/users/userProfile/userProfile.service.ts(20,1): error TS1109: Expression expected.\r\n\n    at Object.<anonymous> (F:\\postgress typeorm\\basic-postgresql-nodejs-setup\\src\\app\\modules\\users\\userProfile\\userProfile.service.ts:1:7)\n    at Module.<anonymous> (node:internal/modules/cjs/loader:1562:14)\n    at Module._compile (F:\\postgress typeorm\\basic-postgresql-nodejs-setup\\node_modules\\source-map-support\\source-map-support.js:568:25)\n    at Module.m._compile (C:\\Users\\mdtaz\\AppData\\Local\\Temp\\ts-node-dev-hook-5199063793976273.js:69:33)\n    at node:internal/modules/cjs/loader:1699:10\n    at require.extensions..jsx.require.extensions..js (C:\\Users\\mdtaz\\AppData\\Local\\Temp\\ts-node-dev-hook-5199063793976273.js:114:20)\n    at require.extensions.<computed> (C:\\Users\\mdtaz\\AppData\\Local\\Temp\\ts-node-dev-hook-5199063793976273.js:71:20)\n    at Object.nodeDevHook [as .ts] (F:\\postgress typeorm\\basic-postgresql-nodejs-setup\\node_modules\\ts-node-dev\\lib\\hook.js:63:13)\n    at Module.load (node:internal/modules/cjs/loader:1313:32)\n    at Function._load (node:internal/modules/cjs/loader:1123:12)","os":{"loadavg":[0,0,0],"uptime":13878.109},"process":{"argv":["C:\\Program Files\\nodejs\\node.exe","./src/server.ts"],"cwd":"F:\\postgress typeorm\\basic-postgresql-nodejs-setup","execPath":"C:\\Program Files\\nodejs\\node.exe","gid":null,"memoryUsage":{"arrayBuffers":145833,"external":2439578,"heapTotal":54640640,"heapUsed":24262016,"rss":76881920},"pid":20436,"uid":null,"version":"v22.13.1"},"service":"your-service-name","stack":"Error: ⨯ Unable to compile TypeScript:\nsrc/app/modules/users/userProfile/userProfile.service.ts(20,1): error TS1109: Expression expected.\r\n\n    at Object.<anonymous> (F:\\postgress typeorm\\basic-postgresql-nodejs-setup\\src\\app\\modules\\users\\userProfile\\userProfile.service.ts:1:7)\n    at Module.<anonymous> (node:internal/modules/cjs/loader:1562:14)\n    at Module._compile (F:\\postgress typeorm\\basic-postgresql-nodejs-setup\\node_modules\\source-map-support\\source-map-support.js:568:25)\n    at Module.m._compile (C:\\Users\\mdtaz\\AppData\\Local\\Temp\\ts-node-dev-hook-5199063793976273.js:69:33)\n    at node:internal/modules/cjs/loader:1699:10\n    at require.extensions..jsx.require.extensions..js (C:\\Users\\mdtaz\\AppData\\Local\\Temp\\ts-node-dev-hook-5199063793976273.js:114:20)\n    at require.extensions.<computed> (C:\\Users\\mdtaz\\AppData\\Local\\Temp\\ts-node-dev-hook-5199063793976273.js:71:20)\n    at Object.nodeDevHook [as .ts] (F:\\postgress typeorm\\basic-postgresql-nodejs-setup\\node_modules\\ts-node-dev\\lib\\hook.js:63:13)\n    at Module.load (node:internal/modules/cjs/loader:1313:32)\n    at Function._load (node:internal/modules/cjs/loader:1123:12)","timestamp":"2025-05-26 20:19:09","trace":[{"column":7,"file":"F:\\postgress typeorm\\basic-postgresql-nodejs-setup\\src\\app\\modules\\users\\userProfile\\userProfile.service.ts","function":null,"line":1,"method":null,"native":false},{"column":14,"file":"node:internal/modules/cjs/loader","function":null,"line":1562,"method":null,"native":false},{"column":25,"file":"F:\\postgress typeorm\\basic-postgresql-nodejs-setup\\node_modules\\source-map-support\\source-map-support.js","function":"Module._compile","line":568,"method":"_compile","native":false},{"column":33,"file":"C:\\Users\\mdtaz\\AppData\\Local\\Temp\\ts-node-dev-hook-5199063793976273.js","function":"Module.m._compile","line":69,"method":"_compile","native":false},{"column":10,"file":"node:internal/modules/cjs/loader","function":null,"line":1699,"method":null,"native":false},{"column":20,"file":"C:\\Users\\mdtaz\\AppData\\Local\\Temp\\ts-node-dev-hook-5199063793976273.js","function":"require.extensions..jsx.require.extensions..js","line":114,"method":".js","native":false},{"column":20,"file":"C:\\Users\\mdtaz\\AppData\\Local\\Temp\\ts-node-dev-hook-5199063793976273.js","function":"require.extensions.<computed>","line":71,"method":"<computed>","native":false},{"column":13,"file":"F:\\postgress typeorm\\basic-postgresql-nodejs-setup\\node_modules\\ts-node-dev\\lib\\hook.js","function":"Object.nodeDevHook [as .ts]","line":63,"method":"ts]","native":false},{"column":32,"file":"node:internal/modules/cjs/loader","function":"Module.load","line":1313,"method":"load","native":false},{"column":12,"file":"node:internal/modules/cjs/loader","function":"Function._load","line":1123,"method":"_load","native":false}]}
{"date":"Mon May 26 2025 20:21:51 GMT+0600 (Bangladesh Standard Time)","error":{},"exception":true,"level":"error","message":"uncaughtException: ⨯ Unable to compile TypeScript:\nsrc/app/modules/users/userProfile/userProfile.service.ts(23,37): error TS1109: Expression expected.\r\nsrc/app/modules/users/userProfile/userProfile.service.ts(29,1): error TS1109: Expression expected.\r\n\nError: ⨯ Unable to compile TypeScript:\nsrc/app/modules/users/userProfile/userProfile.service.ts(23,37): error TS1109: Expression expected.\r\nsrc/app/modules/users/userProfile/userProfile.service.ts(29,1): error TS1109: Expression expected.\r\n\n    at Object.<anonymous> (F:\\postgress typeorm\\basic-postgresql-nodejs-setup\\src\\app\\modules\\users\\userProfile\\userProfile.service.ts:1:7)\n    at Module.<anonymous> (node:internal/modules/cjs/loader:1562:14)\n    at Module._compile (F:\\postgress typeorm\\basic-postgresql-nodejs-setup\\node_modules\\source-map-support\\source-map-support.js:568:25)\n    at Module.m._compile (C:\\Users\\mdtaz\\AppData\\Local\\Temp\\ts-node-dev-hook-5199063793976273.js:69:33)\n    at node:internal/modules/cjs/loader:1699:10\n    at require.extensions..jsx.require.extensions..js (C:\\Users\\mdtaz\\AppData\\Local\\Temp\\ts-node-dev-hook-5199063793976273.js:114:20)\n    at require.extensions.<computed> (C:\\Users\\mdtaz\\AppData\\Local\\Temp\\ts-node-dev-hook-5199063793976273.js:71:20)\n    at Object.nodeDevHook [as .ts] (F:\\postgress typeorm\\basic-postgresql-nodejs-setup\\node_modules\\ts-node-dev\\lib\\hook.js:63:13)\n    at Module.load (node:internal/modules/cjs/loader:1313:32)\n    at Function._load (node:internal/modules/cjs/loader:1123:12)","os":{"loadavg":[0,0,0],"uptime":14040.062},"process":{"argv":["C:\\Program Files\\nodejs\\node.exe","./src/server.ts"],"cwd":"F:\\postgress typeorm\\basic-postgresql-nodejs-setup","execPath":"C:\\Program Files\\nodejs\\node.exe","gid":null,"memoryUsage":{"arrayBuffers":145936,"external":2439578,"heapTotal":54902784,"heapUsed":24081824,"rss":77430784},"pid":10012,"uid":null,"version":"v22.13.1"},"service":"your-service-name","stack":"Error: ⨯ Unable to compile TypeScript:\nsrc/app/modules/users/userProfile/userProfile.service.ts(23,37): error TS1109: Expression expected.\r\nsrc/app/modules/users/userProfile/userProfile.service.ts(29,1): error TS1109: Expression expected.\r\n\n    at Object.<anonymous> (F:\\postgress typeorm\\basic-postgresql-nodejs-setup\\src\\app\\modules\\users\\userProfile\\userProfile.service.ts:1:7)\n    at Module.<anonymous> (node:internal/modules/cjs/loader:1562:14)\n    at Module._compile (F:\\postgress typeorm\\basic-postgresql-nodejs-setup\\node_modules\\source-map-support\\source-map-support.js:568:25)\n    at Module.m._compile (C:\\Users\\mdtaz\\AppData\\Local\\Temp\\ts-node-dev-hook-5199063793976273.js:69:33)\n    at node:internal/modules/cjs/loader:1699:10\n    at require.extensions..jsx.require.extensions..js (C:\\Users\\mdtaz\\AppData\\Local\\Temp\\ts-node-dev-hook-5199063793976273.js:114:20)\n    at require.extensions.<computed> (C:\\Users\\mdtaz\\AppData\\Local\\Temp\\ts-node-dev-hook-5199063793976273.js:71:20)\n    at Object.nodeDevHook [as .ts] (F:\\postgress typeorm\\basic-postgresql-nodejs-setup\\node_modules\\ts-node-dev\\lib\\hook.js:63:13)\n    at Module.load (node:internal/modules/cjs/loader:1313:32)\n    at Function._load (node:internal/modules/cjs/loader:1123:12)","timestamp":"2025-05-26 20:21:51","trace":[{"column":7,"file":"F:\\postgress typeorm\\basic-postgresql-nodejs-setup\\src\\app\\modules\\users\\userProfile\\userProfile.service.ts","function":null,"line":1,"method":null,"native":false},{"column":14,"file":"node:internal/modules/cjs/loader","function":null,"line":1562,"method":null,"native":false},{"column":25,"file":"F:\\postgress typeorm\\basic-postgresql-nodejs-setup\\node_modules\\source-map-support\\source-map-support.js","function":"Module._compile","line":568,"method":"_compile","native":false},{"column":33,"file":"C:\\Users\\mdtaz\\AppData\\Local\\Temp\\ts-node-dev-hook-5199063793976273.js","function":"Module.m._compile","line":69,"method":"_compile","native":false},{"column":10,"file":"node:internal/modules/cjs/loader","function":null,"line":1699,"method":null,"native":false},{"column":20,"file":"C:\\Users\\mdtaz\\AppData\\Local\\Temp\\ts-node-dev-hook-5199063793976273.js","function":"require.extensions..jsx.require.extensions..js","line":114,"method":".js","native":false},{"column":20,"file":"C:\\Users\\mdtaz\\AppData\\Local\\Temp\\ts-node-dev-hook-5199063793976273.js","function":"require.extensions.<computed>","line":71,"method":"<computed>","native":false},{"column":13,"file":"F:\\postgress typeorm\\basic-postgresql-nodejs-setup\\node_modules\\ts-node-dev\\lib\\hook.js","function":"Object.nodeDevHook [as .ts]","line":63,"method":"ts]","native":false},{"column":32,"file":"node:internal/modules/cjs/loader","function":"Module.load","line":1313,"method":"load","native":false},{"column":12,"file":"node:internal/modules/cjs/loader","function":"Function._load","line":1123,"method":"_load","native":false}]}
{"date":"Mon May 26 2025 20:21:54 GMT+0600 (Bangladesh Standard Time)","error":{},"exception":true,"level":"error","message":"uncaughtException: ⨯ Unable to compile TypeScript:\nsrc/app/modules/users/userProfile/userProfile.service.ts(23,37): error TS1109: Expression expected.\r\nsrc/app/modules/users/userProfile/userProfile.service.ts(29,1): error TS1109: Expression expected.\r\n\nError: ⨯ Unable to compile TypeScript:\nsrc/app/modules/users/userProfile/userProfile.service.ts(23,37): error TS1109: Expression expected.\r\nsrc/app/modules/users/userProfile/userProfile.service.ts(29,1): error TS1109: Expression expected.\r\n\n    at Object.<anonymous> (F:\\postgress typeorm\\basic-postgresql-nodejs-setup\\src\\app\\modules\\users\\userProfile\\userProfile.service.ts:1:7)\n    at Module.<anonymous> (node:internal/modules/cjs/loader:1562:14)\n    at Module._compile (F:\\postgress typeorm\\basic-postgresql-nodejs-setup\\node_modules\\source-map-support\\source-map-support.js:568:25)\n    at Module.m._compile (C:\\Users\\mdtaz\\AppData\\Local\\Temp\\ts-node-dev-hook-5199063793976273.js:69:33)\n    at node:internal/modules/cjs/loader:1699:10\n    at require.extensions..jsx.require.extensions..js (C:\\Users\\mdtaz\\AppData\\Local\\Temp\\ts-node-dev-hook-5199063793976273.js:114:20)\n    at require.extensions.<computed> (C:\\Users\\mdtaz\\AppData\\Local\\Temp\\ts-node-dev-hook-5199063793976273.js:71:20)\n    at Object.nodeDevHook [as .ts] (F:\\postgress typeorm\\basic-postgresql-nodejs-setup\\node_modules\\ts-node-dev\\lib\\hook.js:63:13)\n    at Module.load (node:internal/modules/cjs/loader:1313:32)\n    at Function._load (node:internal/modules/cjs/loader:1123:12)","os":{"loadavg":[0,0,0],"uptime":14043.546},"process":{"argv":["C:\\Program Files\\nodejs\\node.exe","./src/server.ts"],"cwd":"F:\\postgress typeorm\\basic-postgresql-nodejs-setup","execPath":"C:\\Program Files\\nodejs\\node.exe","gid":null,"memoryUsage":{"arrayBuffers":145936,"external":2439578,"heapTotal":54902784,"heapUsed":24141968,"rss":76206080},"pid":29712,"uid":null,"version":"v22.13.1"},"service":"your-service-name","stack":"Error: ⨯ Unable to compile TypeScript:\nsrc/app/modules/users/userProfile/userProfile.service.ts(23,37): error TS1109: Expression expected.\r\nsrc/app/modules/users/userProfile/userProfile.service.ts(29,1): error TS1109: Expression expected.\r\n\n    at Object.<anonymous> (F:\\postgress typeorm\\basic-postgresql-nodejs-setup\\src\\app\\modules\\users\\userProfile\\userProfile.service.ts:1:7)\n    at Module.<anonymous> (node:internal/modules/cjs/loader:1562:14)\n    at Module._compile (F:\\postgress typeorm\\basic-postgresql-nodejs-setup\\node_modules\\source-map-support\\source-map-support.js:568:25)\n    at Module.m._compile (C:\\Users\\mdtaz\\AppData\\Local\\Temp\\ts-node-dev-hook-5199063793976273.js:69:33)\n    at node:internal/modules/cjs/loader:1699:10\n    at require.extensions..jsx.require.extensions..js (C:\\Users\\mdtaz\\AppData\\Local\\Temp\\ts-node-dev-hook-5199063793976273.js:114:20)\n    at require.extensions.<computed> (C:\\Users\\mdtaz\\AppData\\Local\\Temp\\ts-node-dev-hook-5199063793976273.js:71:20)\n    at Object.nodeDevHook [as .ts] (F:\\postgress typeorm\\basic-postgresql-nodejs-setup\\node_modules\\ts-node-dev\\lib\\hook.js:63:13)\n    at Module.load (node:internal/modules/cjs/loader:1313:32)\n    at Function._load (node:internal/modules/cjs/loader:1123:12)","timestamp":"2025-05-26 20:21:54","trace":[{"column":7,"file":"F:\\postgress typeorm\\basic-postgresql-nodejs-setup\\src\\app\\modules\\users\\userProfile\\userProfile.service.ts","function":null,"line":1,"method":null,"native":false},{"column":14,"file":"node:internal/modules/cjs/loader","function":null,"line":1562,"method":null,"native":false},{"column":25,"file":"F:\\postgress typeorm\\basic-postgresql-nodejs-setup\\node_modules\\source-map-support\\source-map-support.js","function":"Module._compile","line":568,"method":"_compile","native":false},{"column":33,"file":"C:\\Users\\mdtaz\\AppData\\Local\\Temp\\ts-node-dev-hook-5199063793976273.js","function":"Module.m._compile","line":69,"method":"_compile","native":false},{"column":10,"file":"node:internal/modules/cjs/loader","function":null,"line":1699,"method":null,"native":false},{"column":20,"file":"C:\\Users\\mdtaz\\AppData\\Local\\Temp\\ts-node-dev-hook-5199063793976273.js","function":"require.extensions..jsx.require.extensions..js","line":114,"method":".js","native":false},{"column":20,"file":"C:\\Users\\mdtaz\\AppData\\Local\\Temp\\ts-node-dev-hook-5199063793976273.js","function":"require.extensions.<computed>","line":71,"method":"<computed>","native":false},{"column":13,"file":"F:\\postgress typeorm\\basic-postgresql-nodejs-setup\\node_modules\\ts-node-dev\\lib\\hook.js","function":"Object.nodeDevHook [as .ts]","line":63,"method":"ts]","native":false},{"column":32,"file":"node:internal/modules/cjs/loader","function":"Module.load","line":1313,"method":"load","native":false},{"column":12,"file":"node:internal/modules/cjs/loader","function":"Function._load","line":1123,"method":"_load","native":false}]}
{"date":"Mon May 26 2025 20:21:58 GMT+0600 (Bangladesh Standard Time)","error":{},"exception":true,"level":"error","message":"uncaughtException: ⨯ Unable to compile TypeScript:\nsrc/app/modules/users/userProfile/userProfile.service.ts(29,1): error TS1109: Expression expected.\r\n\nError: ⨯ Unable to compile TypeScript:\nsrc/app/modules/users/userProfile/userProfile.service.ts(29,1): error TS1109: Expression expected.\r\n\n    at Object.<anonymous> (F:\\postgress typeorm\\basic-postgresql-nodejs-setup\\src\\app\\modules\\users\\userProfile\\userProfile.service.ts:1:7)\n    at Module.<anonymous> (node:internal/modules/cjs/loader:1562:14)\n    at Module._compile (F:\\postgress typeorm\\basic-postgresql-nodejs-setup\\node_modules\\source-map-support\\source-map-support.js:568:25)\n    at Module.m._compile (C:\\Users\\mdtaz\\AppData\\Local\\Temp\\ts-node-dev-hook-5199063793976273.js:69:33)\n    at node:internal/modules/cjs/loader:1699:10\n    at require.extensions..jsx.require.extensions..js (C:\\Users\\mdtaz\\AppData\\Local\\Temp\\ts-node-dev-hook-5199063793976273.js:114:20)\n    at require.extensions.<computed> (C:\\Users\\mdtaz\\AppData\\Local\\Temp\\ts-node-dev-hook-5199063793976273.js:71:20)\n    at Object.nodeDevHook [as .ts] (F:\\postgress typeorm\\basic-postgresql-nodejs-setup\\node_modules\\ts-node-dev\\lib\\hook.js:63:13)\n    at Module.load (node:internal/modules/cjs/loader:1313:32)\n    at Function._load (node:internal/modules/cjs/loader:1123:12)","os":{"loadavg":[0,0,0],"uptime":14047.046},"process":{"argv":["C:\\Program Files\\nodejs\\node.exe","./src/server.ts"],"cwd":"F:\\postgress typeorm\\basic-postgresql-nodejs-setup","execPath":"C:\\Program Files\\nodejs\\node.exe","gid":null,"memoryUsage":{"arrayBuffers":145833,"external":2439618,"heapTotal":55164928,"heapUsed":30076088,"rss":80609280},"pid":28264,"uid":null,"version":"v22.13.1"},"service":"your-service-name","stack":"Error: ⨯ Unable to compile TypeScript:\nsrc/app/modules/users/userProfile/userProfile.service.ts(29,1): error TS1109: Expression expected.\r\n\n    at Object.<anonymous> (F:\\postgress typeorm\\basic-postgresql-nodejs-setup\\src\\app\\modules\\users\\userProfile\\userProfile.service.ts:1:7)\n    at Module.<anonymous> (node:internal/modules/cjs/loader:1562:14)\n    at Module._compile (F:\\postgress typeorm\\basic-postgresql-nodejs-setup\\node_modules\\source-map-support\\source-map-support.js:568:25)\n    at Module.m._compile (C:\\Users\\mdtaz\\AppData\\Local\\Temp\\ts-node-dev-hook-5199063793976273.js:69:33)\n    at node:internal/modules/cjs/loader:1699:10\n    at require.extensions..jsx.require.extensions..js (C:\\Users\\mdtaz\\AppData\\Local\\Temp\\ts-node-dev-hook-5199063793976273.js:114:20)\n    at require.extensions.<computed> (C:\\Users\\mdtaz\\AppData\\Local\\Temp\\ts-node-dev-hook-5199063793976273.js:71:20)\n    at Object.nodeDevHook [as .ts] (F:\\postgress typeorm\\basic-postgresql-nodejs-setup\\node_modules\\ts-node-dev\\lib\\hook.js:63:13)\n    at Module.load (node:internal/modules/cjs/loader:1313:32)\n    at Function._load (node:internal/modules/cjs/loader:1123:12)","timestamp":"2025-05-26 20:21:58","trace":[{"column":7,"file":"F:\\postgress typeorm\\basic-postgresql-nodejs-setup\\src\\app\\modules\\users\\userProfile\\userProfile.service.ts","function":null,"line":1,"method":null,"native":false},{"column":14,"file":"node:internal/modules/cjs/loader","function":null,"line":1562,"method":null,"native":false},{"column":25,"file":"F:\\postgress typeorm\\basic-postgresql-nodejs-setup\\node_modules\\source-map-support\\source-map-support.js","function":"Module._compile","line":568,"method":"_compile","native":false},{"column":33,"file":"C:\\Users\\mdtaz\\AppData\\Local\\Temp\\ts-node-dev-hook-5199063793976273.js","function":"Module.m._compile","line":69,"method":"_compile","native":false},{"column":10,"file":"node:internal/modules/cjs/loader","function":null,"line":1699,"method":null,"native":false},{"column":20,"file":"C:\\Users\\mdtaz\\AppData\\Local\\Temp\\ts-node-dev-hook-5199063793976273.js","function":"require.extensions..jsx.require.extensions..js","line":114,"method":".js","native":false},{"column":20,"file":"C:\\Users\\mdtaz\\AppData\\Local\\Temp\\ts-node-dev-hook-5199063793976273.js","function":"require.extensions.<computed>","line":71,"method":"<computed>","native":false},{"column":13,"file":"F:\\postgress typeorm\\basic-postgresql-nodejs-setup\\node_modules\\ts-node-dev\\lib\\hook.js","function":"Object.nodeDevHook [as .ts]","line":63,"method":"ts]","native":false},{"column":32,"file":"node:internal/modules/cjs/loader","function":"Module.load","line":1313,"method":"load","native":false},{"column":12,"file":"node:internal/modules/cjs/loader","function":"Function._load","line":1123,"method":"_load","native":false}]}
